2025-05-19 00:59:55.850 | INFO     | utils_logger:<module>:39 - Logging to file: logs\project_log.log
2025-05-19 00:59:55.850 | INFO     | get_csv:fetch_csv_file:56 - Fetching CSV data from https://github.com/plotly/datasets/blob/master/mtcars.csv...
2025-05-19 00:59:56.266 | INFO     | get_csv:write_csv_file:80 - Writing CSV data to data\mtcars.csv...
2025-05-19 00:59:56.268 | INFO     | get_csv:write_csv_file:84 - SUCCESS: CSV data written to data\mtcars.csv
2025-05-19 00:59:56.268 | INFO     | get_csv:fetch_csv_file:60 - SUCCESS: CSV file fetched and saved as mtcars.csv
2025-05-19 01:01:13.587 | INFO     | get_csv:fetch_csv_file:56 - Fetching CSV data from https://github.com/plotly/datasets/blob/master/mtcars.csv...
2025-05-19 01:01:14.077 | INFO     | get_csv:write_csv_file:80 - Writing CSV data to data\mtcars.csv...
2025-05-19 01:01:14.079 | INFO     | get_csv:write_csv_file:84 - SUCCESS: CSV data written to data\mtcars.csv
2025-05-19 01:01:14.079 | INFO     | get_csv:fetch_csv_file:60 - SUCCESS: CSV file fetched and saved as mtcars.csv
2025-05-19 01:02:39.218 | INFO     | get_csv:fetch_csv_file:56 - Fetching CSV data from https://raw.githubusercontent.com/juliens/mtcars-csv/master/mtcars.csv...
2025-05-19 01:02:39.420 | ERROR    | get_csv:fetch_csv_file:62 - HTTP error occurred: 404 Client Error: Not Found for url: https://raw.githubusercontent.com/juliens/mtcars-csv/master/mtcars.csv
2025-05-19 01:02:51.312 | INFO     | get_csv:fetch_csv_file:56 - Fetching CSV data from https://raw.githubusercontent.com/juliens/mtcars-csv/master/mtcars.csv...
2025-05-19 01:02:51.342 | ERROR    | get_csv:fetch_csv_file:62 - HTTP error occurred: 404 Client Error: Not Found for url: https://raw.githubusercontent.com/juliens/mtcars-csv/master/mtcars.csv
2025-05-19 01:02:53.682 | INFO     | get_csv:fetch_csv_file:56 - Fetching CSV data from https://raw.githubusercontent.com/juliens/mtcars-csv/master/mtcars.csv...
2025-05-19 01:02:53.712 | ERROR    | get_csv:fetch_csv_file:62 - HTTP error occurred: 404 Client Error: Not Found for url: https://raw.githubusercontent.com/juliens/mtcars-csv/master/mtcars.csv
2025-05-19 01:02:54.330 | INFO     | get_csv:fetch_csv_file:56 - Fetching CSV data from https://raw.githubusercontent.com/juliens/mtcars-csv/master/mtcars.csv...
2025-05-19 01:02:54.360 | ERROR    | get_csv:fetch_csv_file:62 - HTTP error occurred: 404 Client Error: Not Found for url: https://raw.githubusercontent.com/juliens/mtcars-csv/master/mtcars.csv
2025-05-19 01:05:10.439 | INFO     | get_csv:fetch_csv_file:56 - Fetching CSV data from https://raw.githubusercontent.com/araastat/BIOF085/master/data/mtcars.csv...
2025-05-19 01:05:10.636 | INFO     | get_csv:write_csv_file:80 - Writing CSV data to data\mtcars.csv...
2025-05-19 01:05:10.638 | INFO     | get_csv:write_csv_file:84 - SUCCESS: CSV data written to data\mtcars.csv
2025-05-19 01:05:10.638 | INFO     | get_csv:fetch_csv_file:60 - SUCCESS: CSV file fetched and saved as mtcars.csv
2025-05-19 01:39:25.782 | INFO     | get_csv:fetch_csv_file:56 - Fetching CSV data from https://raw.githubusercontent.com/araastat/BIOF085/master/data/mtcars.csv...
2025-05-19 01:39:25.901 | INFO     | get_csv:write_csv_file:80 - Writing CSV data to data\mtcars.csv...
2025-05-19 01:39:25.902 | INFO     | get_csv:write_csv_file:84 - SUCCESS: CSV data written to data\mtcars.csv
2025-05-19 01:39:25.903 | INFO     | get_csv:fetch_csv_file:60 - SUCCESS: CSV file fetched and saved as mtcars.csv
